<?xml version="1.0" encoding="UTF-8"?>
<!-- Generated by org.testng.reporters.JUnitXMLReporter -->
<testsuite hostname="LAPTOP-CATGFBKU" name="Login Chrome" tests="4" failures="0" timestamp="9 Dec 2019 13:24:07 GMT" time="25.669" errors="0">
  <testcase name="@BeforeMethod bfTIme" time="0.0" classname="com.test.LoginFunctionExcel">
    <failure type="org.openqa.selenium.NoSuchSessionException" message="Session ID is null. Using WebDriver after calling quit()?
Build info: version: &amp;apos;3.141.59&amp;apos;, revision: &amp;apos;e82be7d358&amp;apos;, time: &amp;apos;2018-11-14T08:17:03&amp;apos;
System info: host: &amp;apos;LAPTOP-CATGFBKU&amp;apos;, ip: &amp;apos;192.168.29.220&amp;apos;, os.name: &amp;apos;Windows 10&amp;apos;, os.arch: &amp;apos;amd64&amp;apos;, os.version: &amp;apos;10.0&amp;apos;, java.version: &amp;apos;1.8.0_231&amp;apos;
Driver info: driver.version: RemoteWebDriver">
      <![CDATA[org.openqa.selenium.NoSuchSessionException: Session ID is null. Using WebDriver after calling quit()?
Build info: version: '3.141.59', revision: 'e82be7d358', time: '2018-11-14T08:17:03'
System info: host: 'LAPTOP-CATGFBKU', ip: '192.168.29.220', os.name: 'Windows 10', os.arch: 'amd64', os.version: '10.0', java.version: '1.8.0_231'
Driver info: driver.version: RemoteWebDriver
	at org.openqa.selenium.remote.HttpCommandExecutor.execute(HttpCommandExecutor.java:125)
	at org.openqa.selenium.remote.service.DriverCommandExecutor.execute(DriverCommandExecutor.java:83)
	at org.openqa.selenium.remote.RemoteWebDriver.execute(RemoteWebDriver.java:552)
	at org.openqa.selenium.remote.RemoteWebDriver.get(RemoteWebDriver.java:277)
	at com.test.LoginFunctionExcel.bfTIme(LoginFunctionExcel.java:75)
	at sun.reflect.NativeMethodAccessorImpl.invoke0(Native Method)
	at sun.reflect.NativeMethodAccessorImpl.invoke(Unknown Source)
	at sun.reflect.DelegatingMethodAccessorImpl.invoke(Unknown Source)
	at java.lang.reflect.Method.invoke(Unknown Source)
	at org.testng.internal.MethodInvocationHelper.invokeMethod(MethodInvocationHelper.java:80)
	at org.testng.internal.Invoker.invokeConfigurationMethod(Invoker.java:564)
	at org.testng.internal.Invoker.invokeConfigurations(Invoker.java:213)
	at org.testng.internal.Invoker.invokeMethod(Invoker.java:653)
	at org.testng.internal.Invoker.invokeTestMethod(Invoker.java:907)
	at org.testng.internal.Invoker.invokeTestMethods(Invoker.java:1237)
	at org.testng.internal.TestMethodWorker.invokeTestMethods(TestMethodWorker.java:127)
	at org.testng.internal.TestMethodWorker.run(TestMethodWorker.java:111)
	at org.testng.TestRunner.privateRun(TestRunner.java:767)
	at org.testng.TestRunner.run(TestRunner.java:617)
	at org.testng.SuiteRunner.runTest(SuiteRunner.java:334)
	at org.testng.SuiteRunner.runSequentially(SuiteRunner.java:329)
	at org.testng.SuiteRunner.privateRun(SuiteRunner.java:291)
	at org.testng.SuiteRunner.run(SuiteRunner.java:240)
	at org.testng.SuiteRunnerWorker.runSuite(SuiteRunnerWorker.java:51)
	at org.testng.SuiteRunnerWorker.run(SuiteRunnerWorker.java:85)
	at org.testng.TestNG.runSuitesSequentially(TestNG.java:1197)
	at org.testng.TestNG.runSuitesLocally(TestNG.java:1122)
	at org.testng.TestNG.run(TestNG.java:1030)
	at org.testng.remote.AbstractRemoteTestNG.run(AbstractRemoteTestNG.java:114)
	at org.testng.remote.RemoteTestNG.initAndRun(RemoteTestNG.java:251)
	at org.testng.remote.RemoteTestNG.main(RemoteTestNG.java:77)
]]>
    </failure>
  </testcase> <!-- @BeforeMethod bfTIme -->
  <testcase name="@AfterMethod afTime" time="0.0" classname="com.test.LoginFunctionExcel">
    <skipped/>
  </testcase> <!-- @AfterMethod afTime -->
  <testcase name="@BeforeMethod bfTIme" time="0.0" classname="com.test.LoginFunctionExcel">
    <skipped/>
  </testcase> <!-- @BeforeMethod bfTIme -->
  <testcase name="@AfterMethod afTime" time="0.0" classname="com.test.LoginFunctionExcel">
    <skipped/>
  </testcase> <!-- @AfterMethod afTime -->
  <testcase name="@BeforeMethod bfTIme" time="0.0" classname="com.test.LoginFunctionExcel">
    <skipped/>
  </testcase> <!-- @BeforeMethod bfTIme -->
  <testcase name="@AfterMethod afTime" time="0.0" classname="com.test.LoginFunctionExcel">
    <skipped/>
  </testcase> <!-- @AfterMethod afTime -->
  <testcase name="@AfterTest last" time="0.0" classname="com.test.LoginFunctionExcel">
    <skipped/>
  </testcase> <!-- @AfterTest last -->
  <testcase name="fbLogin" time="14.388" classname="com.test.LoginFunctionExcel"/>
  <testcase name="fbLogin" time="0.009" classname="com.test.LoginFunctionExcel">
    <skipped/>
  </testcase> <!-- fbLogin -->
  <testcase name="fbLogin" time="0.004" classname="com.test.LoginFunctionExcel">
    <skipped/>
  </testcase> <!-- fbLogin -->
  <testcase name="fbLogin" time="0.003" classname="com.test.LoginFunctionExcel">
    <skipped/>
  </testcase> <!-- fbLogin -->
</testsuite> <!-- Login Chrome -->
