<?xml version="1.0" encoding="UTF-8"?>
<!-- Generated by org.testng.reporters.JUnitXMLReporter -->
<testsuite hostname="LAPTOP-CATGFBKU" name="Login IE" tests="1" failures="0" timestamp="4 Dec 2019 15:58:01 GMT" time="0.054" errors="0">
  <testcase name="@BeforeTest browser" time="0.0" classname="com.test.LoginFunctionDP">
    <failure type="org.testng.TestNGException" message="
Parameter &amp;apos;Browser&amp;apos; is required by @Configuration on method browser but has not been marked @Optional or defined
in C:\Users\Parthi Rajan\Parthi Rajan\DataDrivenUsingTestNg\DataProvider.xml">
      <![CDATA[org.testng.TestNGException: 
Parameter 'Browser' is required by @Configuration on method browser but has not been marked @Optional or defined
in C:\Users\Parthi Rajan\Parthi Rajan\DataDrivenUsingTestNg\DataProvider.xml
	at java.util.concurrent.FutureTask.run(Unknown Source)
	at java.util.concurrent.ThreadPoolExecutor.runWorker(Unknown Source)
	at java.util.concurrent.ThreadPoolExecutor$Worker.run(Unknown Source)
	at java.lang.Thread.run(Unknown Source)
... Removed 11 stack frames]]>
    </failure>
  </testcase> <!-- @BeforeTest browser -->
  <testcase name="@BeforeMethod bfTIme" time="0.0" classname="com.test.LoginFunctionDP">
    <skipped/>
  </testcase> <!-- @BeforeMethod bfTIme -->
  <testcase name="@AfterMethod afTime" time="0.0" classname="com.test.LoginFunctionDP">
    <skipped/>
  </testcase> <!-- @AfterMethod afTime -->
  <testcase name="@AfterTest afterTest" time="0.0" classname="com.test.LoginFunctionDP">
    <skipped/>
  </testcase> <!-- @AfterTest afterTest -->
  <testcase name="fbLogin" time="0.004" classname="com.test.LoginFunctionDP">
    <skipped/>
  </testcase> <!-- fbLogin -->
</testsuite> <!-- Login IE -->
